SF:/tmp/verus-corpus/vexample.rs
FN:67,_RNvCseWCmHaWSCCc_8vexample13print_results
FN:55,_RNvCseWCmHaWSCCc_8vexample4main
FN:24,_RNvCseWCmHaWSCCc_8vexample8abs_exec
FN:41,_RNvCseWCmHaWSCCc_8vexample13uncalled_exec
FNDA:1,_RNvCseWCmHaWSCCc_8vexample13print_results
FNDA:1,_RNvCseWCmHaWSCCc_8vexample4main
FNDA:2,_RNvCseWCmHaWSCCc_8vexample8abs_exec
FNDA:0,_RNvCseWCmHaWSCCc_8vexample13uncalled_exec
FNF:4
FNH:3
DA:24,2
DA:31,2
DA:32,2
DA:33,2
DA:34,2
DA:35,1
DA:37,1
DA:39,2
DA:41,0
DA:47,0
DA:48,0
DA:49,0
DA:50,0
DA:51,0
DA:55,1
DA:56,1
DA:57,1
DA:58,1
DA:59,1
DA:60,1
DA:61,1
DA:62,1
DA:67,1
DA:68,1
DA:73,1
BRF:0
BRH:0
LF:25
LH:19
end_of_record
