SF:/tmp/macro-corpus/src/lib.rs
FN:102,_RNvCscniDuwax2Bk_12macro_corpus17uncovered_asserts
FN:78,_RNvCscniDuwax2Bk_12macro_corpus17uncovered_matches
FN:34,_RNvCscniDuwax2Bk_12macro_corpus17uncovered_println
FN:62,_RNvCscniDuwax2Bk_12macro_corpus22uncovered_custom_macro
FN:141,_RNvNtCscniDuwax2Bk_12macro_corpus5testss_14never_run_test
FN:131,_RNvNtCscniDuwax2Bk_12macro_corpus5testss_21exercise_covered_half
FN:7,_RNvCscniDuwax2Bk_12macro_corpus11covered_vec
FN:121,_RNvCscniDuwax2Bk_12macro_corpus12cfg_gated_in
FN:16,_RNvCscniDuwax2Bk_12macro_corpus13uncovered_vec
FN:86,_RNvCscniDuwax2Bk_12macro_corpus15covered_asserts
FN:71,_RNvCscniDuwax2Bk_12macro_corpus15covered_matches
FN:26,_RNvCscniDuwax2Bk_12macro_corpus15covered_println
FN:53,_RNvCscniDuwax2Bk_12macro_corpus20covered_custom_macro
FNDA:0,_RNvCscniDuwax2Bk_12macro_corpus17uncovered_asserts
FNDA:0,_RNvCscniDuwax2Bk_12macro_corpus17uncovered_matches
FNDA:0,_RNvCscniDuwax2Bk_12macro_corpus17uncovered_println
FNDA:0,_RNvCscniDuwax2Bk_12macro_corpus22uncovered_custom_macro
FNDA:0,_RNvNtCscniDuwax2Bk_12macro_corpus5testss_14never_run_test
FNDA:1,_RNvNtCscniDuwax2Bk_12macro_corpus5testss_21exercise_covered_half
FNDA:1,_RNvCscniDuwax2Bk_12macro_corpus11covered_vec
FNDA:1,_RNvCscniDuwax2Bk_12macro_corpus12cfg_gated_in
FNDA:0,_RNvCscniDuwax2Bk_12macro_corpus13uncovered_vec
FNDA:1,_RNvCscniDuwax2Bk_12macro_corpus15covered_asserts
FNDA:1,_RNvCscniDuwax2Bk_12macro_corpus15covered_matches
FNDA:1,_RNvCscniDuwax2Bk_12macro_corpus15covered_println
FNDA:1,_RNvCscniDuwax2Bk_12macro_corpus20covered_custom_macro
FNF:13
FNH:7
DA:7,1
DA:8,1
DA:13,1
DA:14,1
DA:16,0
DA:17,0
DA:22,0
DA:23,0
DA:26,1
DA:27,1
DA:30,1
DA:32,1
DA:34,0
DA:35,0
DA:38,0
DA:40,0
DA:53,1
DA:54,1
DA:59,1
DA:60,1
DA:62,0
DA:63,0
DA:67,0
DA:68,0
DA:71,1
DA:72,1
DA:73,1
DA:74,1
DA:76,1
DA:78,0
DA:79,0
DA:80,0
DA:83,0
DA:86,1
DA:87,1
DA:88,1
DA:92,1
DA:93,1
DA:96,1
DA:97,1
DA:99,1
DA:100,1
DA:102,0
DA:103,0
DA:107,0
DA:108,0
DA:121,1
DA:122,1
DA:123,1
DA:131,1
DA:132,1
DA:133,1
DA:134,1
DA:135,1
DA:136,1
DA:137,1
DA:138,1
DA:141,0
DA:144,0
DA:145,0
BRF:0
BRH:0
LF:60
LH:37
end_of_record
